<?xml version="1.0" encoding="UTF-8"?>
<!-- Generated by org.testng.reporters.JUnitReportReporter -->
<testsuite skipped="0" hostname="LAPTOP-MGUU4TAK" name="Runner.Testrun" tests="2" failures="0" timestamp="2021-11-10T01:01:12 IST" time="17.702" errors="0">
  <testcase name="runScenario" time="4.105" classname="Runner.Testrun"/>
  <system-out/>
  <testcase name="runScenario" time="13.597" classname="Runner.Testrun"/>
  <system-out/>
</testsuite> <!-- Runner.Testrun -->
